Log file open, 01/29/21 15:15:26
LogInit:Display: Running engine for game: PausingBad
LogPlatformFile: Not using cached read wrapper
LogInit:Display: RandInit(-681809221) SRandInit(-681809221).
LogTaskGraph: Started task graph with 5 named threads and 8 total threads with 1 sets of task threads.
LogStats: Stats thread started at 0.093366
LogInit: Using libcurl 7.47.1
LogInit:  - built for x86_64-pc-win32
LogInit:  - supports SSL with OpenSSL/1.0.2g
LogInit:  - supports HTTP deflate (compression) using libz 1.2.8
LogInit:  - other features:
LogInit:      CURL_VERSION_SSL
LogInit:      CURL_VERSION_LIBZ
LogInit:      CURL_VERSION_IPV6
LogInit:      CURL_VERSION_ASYNCHDNS
LogInit:      CURL_VERSION_LARGEFILE
LogInit:      CURL_VERSION_IDN
LogInit:  CurlRequestOptions (configurable via config and command line):
LogInit:  - bVerifyPeer = false  - Libcurl will NOT verify peer certificate
LogInit:  - bUseHttpProxy = false  - Libcurl will NOT use HTTP proxy
LogInit:  - bDontReuseConnections = false  - Libcurl will reuse connections
LogInit:  - CertBundlePath = nullptr  - Libcurl will use whatever was configured at build time.
LogInit: Build: ++UE4+Release-4.16-CL-3561208
LogInit: Engine Version: 4.16.3-3561208+++UE4+Release-4.16
LogInit: Compatible Engine Version: 4.16.0-3452394+++UE4+Release-4.16
LogInit: Net CL: 3452394
LogDevObjectVersion: Number of dev versions registered: 16
LogDevObjectVersion:   Dev-Blueprints (B0D832E4-1F89-4F0D-ACCF-7EB736FD4AA2): 9
LogDevObjectVersion:   Dev-Build (E1C64328-A22C-4D53-A36C-8E866417BD8C): 0
LogDevObjectVersion:   Dev-Core (375EC13C-06E4-48FB-B500-84F0262A717E): 2
LogDevObjectVersion:   Dev-Editor (E4B068ED-F494-42E9-A231-DA0B2E46BB41): 17
LogDevObjectVersion:   Dev-Framework (CFFC743F-43B0-4480-9391-14DF171D2073): 23
LogDevObjectVersion:   Dev-Mobile (B02B49B5-BB20-44E9-A304-32B752E40360): 0
LogDevObjectVersion:   Dev-Networking (A4E4105C-59A1-49B5-A7C5-40C4547EDFEE): 0
LogDevObjectVersion:   Dev-Online (39C831C9-5AE6-47DC-9A44-9C173E1C8E7C): 0
LogDevObjectVersion:   Dev-Physics (78F01B33-EBEA-4F98-B9B4-84EACCB95AA2): 0
LogDevObjectVersion:   Dev-Platform (6631380F-2D4D-43E0-8009-CF276956A95A): 0
LogDevObjectVersion:   Dev-Rendering (12F88B9F-8875-4AFC-A67C-D90C383ABD29): 15
LogDevObjectVersion:   Dev-Sequencer (7B5AE74C-D270-4C10-A958-57980B212A5A): 4
LogDevObjectVersion:   Dev-VR (D7296918-1DD6-4BDD-9DE2-64A83CC13884): 0
LogDevObjectVersion:   Dev-LoadTimes (C2A15278-BFE7-4AFE-6C17-90FF531DF755): 1
LogDevObjectVersion:   Private-Geometry (6EACA3D4-40EC-4CC1-B786-8BED09428FC5): 1
LogDevObjectVersion:   Dev-AnimPhys (29E575DD-E0A3-4627-9D10-D276232CDCEA): 3
LogInit: Compiled (64-bit): Jul 28 2017 11:49:47
LogInit: Compiled with Visual C++: 19.00.24215.01
LogInit: Build Configuration: Development
LogInit: Branch Name: ++UE4+Release-4.16
LogInit: Command line:  
LogInit: Base directory: D:/Unreal/UE_4.16/Engine/Binaries/Win64/
LogInit: Installed Engine Build: 1
LogInit: Presizing for max 8388607 objects, including 0 objects not considered by GC, pre-allocating 0 bytes for permanent pool.
LogInit: Object subsystem initialized
[2021.01.29-15.15.27:228][  0]LogInit: Selected Device Profile: [Windows]
[2021.01.29-15.15.27:228][  0]LogInit: Applying CVar settings loaded from the selected device profile: [Windows]
[2021.01.29-15.15.27:236][  0]LogInit: Computer: LAPTOP-27B3H3PA
[2021.01.29-15.15.27:236][  0]LogInit: User: john1
[2021.01.29-15.15.27:236][  0]LogInit: CPU Page size=4096, Cores=4
[2021.01.29-15.15.27:236][  0]LogInit: High frequency timer resolution =10.000000 MHz
[2021.01.29-15.15.27:236][  0]LogMemory: Memory total: Physical=7.9GB (8GB approx)
[2021.01.29-15.15.27:236][  0]LogMemory: Platform Memory Stats for Windows
[2021.01.29-15.15.27:236][  0]LogMemory: Process Physical Memory: 273.79 MB used, 273.79 MB peak
[2021.01.29-15.15.27:236][  0]LogMemory: Process Virtual Memory: 260.97 MB used, 260.97 MB peak
[2021.01.29-15.15.27:236][  0]LogMemory: Physical Memory: 4997.26 MB used,  3073.64 MB free, 8070.90 MB total
[2021.01.29-15.15.27:236][  0]LogMemory: Virtual Memory: 4743.21 MB used,  3073.64 MB free, 134217728.00 MB total
[2021.01.29-15.15.27:309][  0]LogInit: Using OS detected language (en-GB).
[2021.01.29-15.15.27:309][  0]LogInit: Using OS detected locale (en-GB).
[2021.01.29-15.15.27:315][  0]LogTextLocalizationManager: No specific localization for 'en-GB' exists, so the 'en' localization will be used.
[2021.01.29-15.15.28:428][  0]LogD3D11RHI: D3D11 adapters:
[2021.01.29-15.15.29:432][  0]LogD3D11RHI:    0. 'NVIDIA GeForce GTX 1050 Ti' (Feature Level 11_0)
[2021.01.29-15.15.29:432][  0]LogD3D11RHI:       4018/0/4035 MB DedicatedVideo/DedicatedSystem/SharedSystem, Outputs:1, VendorId:0x10de
[2021.01.29-15.15.29:447][  0]LogD3D11RHI:    1. 'Intel(R) HD Graphics 630' (Feature Level 11_0)
[2021.01.29-15.15.29:447][  0]LogD3D11RHI:       128/0/4035 MB DedicatedVideo/DedicatedSystem/SharedSystem, Outputs:0, VendorId:0x8086
[2021.01.29-15.15.29:450][  0]LogD3D11RHI:    2. 'Microsoft Basic Render Driver' (Feature Level 11_0)
[2021.01.29-15.15.29:450][  0]LogD3D11RHI:       0/0/4035 MB DedicatedVideo/DedicatedSystem/SharedSystem, Outputs:0, VendorId:0x1414
[2021.01.29-15.15.29:450][  0]LogD3D11RHI: Chosen D3D11 Adapter: 0
[2021.01.29-15.15.29:486][  0]LogD3D11RHI: Creating new Direct3DDevice
[2021.01.29-15.15.29:486][  0]LogD3D11RHI:     GPU DeviceId: 0x1c8c (for the marketing name, search the web for "GPU Device Id")
[2021.01.29-15.15.29:486][  0]LogWindows: EnumDisplayDevices:
[2021.01.29-15.15.29:486][  0]LogWindows:    0. 'Intel(R) HD Graphics 630' (P:1 D:1)
[2021.01.29-15.15.29:487][  0]LogWindows:    1. 'Intel(R) HD Graphics 630' (P:0 D:0)
[2021.01.29-15.15.29:487][  0]LogWindows:    2. 'Intel(R) HD Graphics 630' (P:0 D:0)
[2021.01.29-15.15.29:487][  0]LogWindows:    3. 'NVIDIA GeForce GTX 1050 Ti' (P:0 D:0)
[2021.01.29-15.15.29:487][  0]LogWindows:    4. 'NVIDIA GeForce GTX 1050 Ti' (P:0 D:0)
[2021.01.29-15.15.29:488][  0]LogWindows:    5. 'NVIDIA GeForce GTX 1050 Ti' (P:0 D:0)
[2021.01.29-15.15.29:488][  0]LogWindows:    6. 'NVIDIA GeForce GTX 1050 Ti' (P:0 D:0)
[2021.01.29-15.15.29:488][  0]LogWindows: DebugString: GetVideoDriverDetailsInvalid PrimaryIsNotTheChoosenAdapter GetVideoDriverDetailsInvalid PrimaryIsNotTheChoosenAdapter GetVideoDriverDetailsInvalid PrimaryIsNotTheChoosenAdapter GetVideoDriverDetailsInvalid PrimaryIsNotTheChoosenAdapter GetVideoDriverDetailsInvalid PrimaryIsNotTheChoosenAdapter GetVideoDriverDetailsInvalid PrimaryIsNotTheChoosenAdapter GetVideoDriverDetailsInvalid PrimaryIsNotTheChoosenAdapter FoundDriverCount:0 
[2021.01.29-15.15.29:488][  0]LogD3D11RHI:     Adapter Name: NVIDIA GeForce GTX 1050 Ti
[2021.01.29-15.15.29:488][  0]LogD3D11RHI:   Driver Version: Unknown (internal:Unknown, unified:Unknown)
[2021.01.29-15.15.29:488][  0]LogD3D11RHI:      Driver Date: Unknown
[2021.01.29-15.15.29:488][  0]LogRHI: Texture pool is 1361 MB (70% of 1945 MB)
[2021.01.29-15.15.29:536][  0]LogD3D11RHI: Async texture creation enabled
[2021.01.29-15.15.29:549][  0]LogD3D11RHI: GPU Timing Frequency: 1000.000000 (Debug: 2 1)
[2021.01.29-15.15.29:551][  0]LogShaderCompilers: Guid format shader working directory is -12 characters bigger than the processId version (../../../../../UnrealColab/GameJam-PausingBad-/PausingBad/Intermediate/Shaders/WorkingDirectory/12400/).
[2021.01.29-15.15.29:551][  0]LogShaderCompilers: Cleaned the shader compiler working directory 'C:/Users/john1/AppData/Local/Temp/UnrealShaderWorkingDir/F3099190446631322F0B7D8F6B504F37/'.
[2021.01.29-15.15.29:551][  0]LogShaderCompilers:Display: Using Local Shader Compiler.
[2021.01.29-15.15.30:574][  0]LogTemp:Display: Loaded TP AllDesktopTargetPlatform
[2021.01.29-15.15.30:625][  0]LogTemp:Display: Loaded TP MacClientTargetPlatform
[2021.01.29-15.15.30:678][  0]LogTemp:Display: Loaded TP MacNoEditorTargetPlatform
[2021.01.29-15.15.30:729][  0]LogTemp:Display: Loaded TP MacServerTargetPlatform
[2021.01.29-15.15.30:782][  0]LogTemp:Display: Loaded TP MacTargetPlatform
[2021.01.29-15.15.30:833][  0]LogTemp:Display: Loaded TP WindowsClientTargetPlatform
[2021.01.29-15.15.30:891][  0]LogTemp:Display: Loaded TP WindowsNoEditorTargetPlatform
[2021.01.29-15.15.30:942][  0]LogTemp:Display: Loaded TP WindowsServerTargetPlatform
[2021.01.29-15.15.30:989][  0]LogTemp:Display: Loaded TP WindowsTargetPlatform
[2021.01.29-15.15.31:044][  0]LogTemp:Display: Loaded TP AndroidTargetPlatform
[2021.01.29-15.15.31:096][  0]LogTemp:Display: Loaded TP Android_ASTCTargetPlatform
[2021.01.29-15.15.31:145][  0]LogTemp:Display: Loaded TP Android_ATCTargetPlatform
[2021.01.29-15.15.31:198][  0]LogTemp:Display: Loaded TP Android_DXTTargetPlatform
[2021.01.29-15.15.31:248][  0]LogTemp:Display: Loaded TP Android_ETC1TargetPlatform
[2021.01.29-15.15.31:297][  0]LogTemp:Display: Loaded TP Android_ETC2TargetPlatform
[2021.01.29-15.15.31:398][  0]LogTemp:Display: Loaded TP Android_MultiTargetPlatform
[2021.01.29-15.15.31:398][  0]LogTemp:Display: Loaded TP Android_PVRTCTargetPlatform
[2021.01.29-15.15.31:440][  0]LogTemp:Display: Loaded TP HTML5TargetPlatform
[2021.01.29-15.15.31:534][  0]LogTemp:Display: Loaded TP IOSTargetPlatform
[2021.01.29-15.15.31:574][  0]LogTemp:Display: Loaded TP TVOSTargetPlatform
[2021.01.29-15.15.31:651][  0]LogTemp:Display: Loaded TP LinuxClientTargetPlatform
[2021.01.29-15.15.31:712][  0]LogTemp:Display: Loaded TP LinuxNoEditorTargetPlatform
[2021.01.29-15.15.31:763][  0]LogTemp:Display: Loaded TP LinuxServerTargetPlatform
[2021.01.29-15.15.31:815][  0]LogTemp:Display: Loaded TP LinuxTargetPlatform
[2021.01.29-15.15.31:815][  0]LogTargetPlatformManager:Display: Building Assets For Windows
[2021.01.29-15.15.32:303][  0]LogDerivedDataCache:Display: Max Cache Size: 512 MB
[2021.01.29-15.15.32:389][  0]LogDerivedDataCache: Loaded boot cache 0.08s 90MB C:/Users/john1/AppData/Local/UnrealEngine/4.16/DerivedDataCache/Boot.ddc.
[2021.01.29-15.15.32:389][  0]LogDerivedDataCache:Display: Loaded Boot cache: C:/Users/john1/AppData/Local/UnrealEngine/4.16/DerivedDataCache/Boot.ddc
[2021.01.29-15.15.32:389][  0]LogDerivedDataCache: FDerivedDataBackendGraph:  Pak pak cache file ../../../../../UnrealColab/GameJam-PausingBad-/PausingBad/DerivedDataCache/DDC.ddp not found, will not use a pak cache.
[2021.01.29-15.15.32:389][  0]LogDerivedDataCache: Unable to find inner node Pak for hierarchical cache Hierarchy.
[2021.01.29-15.15.32:389][  0]LogDerivedDataCache: FDerivedDataBackendGraph:  CompressedPak pak cache file ../../../../../UnrealColab/GameJam-PausingBad-/PausingBad/DerivedDataCache/Compressed.ddp not found, will not use a pak cache.
[2021.01.29-15.15.32:389][  0]LogDerivedDataCache: Unable to find inner node CompressedPak for hierarchical cache Hierarchy.
[2021.01.29-15.15.32:406][  0]LogDerivedDataCache:Display: Pak cache opened for reading ../../../Engine/DerivedDataCache/Compressed.ddp.
[2021.01.29-15.15.32:418][  0]LogDerivedDataCache: Using Local data cache path C:/Users/john1/AppData/Local/UnrealEngine/Common/DerivedDataCache: Writable
[2021.01.29-15.15.32:427][  0]LogMaterial: Verifying Global Shaders for PCD3D_SM5
[2021.01.29-15.15.32:427][  0]LogSlate: Using Freetype 2.6.0
[2021.01.29-15.15.32:428][  0]LogSlate: SlateFontCache - WITH_FREETYPE: 1, WITH_HARFBUZZ: 1
[2021.01.29-15.15.32:428][  0]LogSlate: SlateFontCache - WITH_FREETYPE: 1, WITH_HARFBUZZ: 1
[2021.01.29-15.15.32:790][  0]LogInit: Selected Device Profile: [Windows]
[2021.01.29-15.15.32:873][  0]LogContentStreaming: Texture pool size is 0.00 MB
[2021.01.29-15.15.33:040][  0]LogMeshUtilities: Using QuadricMeshReduction for automatic static mesh reduction
[2021.01.29-15.15.33:086][  0]LogSimplygon: Simplygon DLL not present - disabling.
[2021.01.29-15.15.33:144][  0]LogMeshUtilities: Using SimplygonSwarm for distributed automatic mesh merging
[2021.01.29-15.15.33:144][  0]LogMeshUtilities: No automatic skeletal mesh reduction module available
[2021.01.29-15.15.33:144][  0]LogMeshUtilities: No automatic mesh merging module available
[2021.01.29-15.15.33:749][  0]LogNetVersion: PausingBad , NetCL: 3452394, EngineNetVer: 2, GameNetVer: 0 (Checksum: 3770649236)
[2021.01.29-15.15.33:808][  0]LogAssetRegistry: FAssetRegistry took 0.0257 seconds to start up
[2021.01.29-15.15.33:874][  0]LogPackageLocalizationCache: Processed 4 localized package path(s) for 2 prioritized culture(s) in 0.045150 seconds
[2021.01.29-15.15.33:879][  0]LogUObjectArray: 34194 objects as part of root set at end of initial load.
[2021.01.29-15.15.33:879][  0]LogUObjectAllocator: 7260424 out of 0 bytes used by permanent object pool.
[2021.01.29-15.15.33:879][  0]LogUObjectArray: CloseDisregardForGC: 0/0 objects in disregard for GC pool
[2021.01.29-15.15.33:930][  0]LogInit: WinSock: version 1.1 (2.2), MaxSocks=32767, MaxUdp=65467
[2021.01.29-15.15.36:657][  0]LogTcpMessaging: Initializing TcpMessaging bridge
[2021.01.29-15.15.36:708][  0]LogUdpMessaging: Initializing bridge on interface 0.0.0.0:0 to multicast group 230.0.0.1:6666.
[2021.01.29-15.15.37:325][  0]LogMaterial: Uniform references updated for custom material expression Custom.
[2021.01.29-15.15.37:789][  0]SourceControl: Info Source control is disabled
[2021.01.29-15.15.37:791][  0]SourceControl: Info Source control is disabled
[2021.01.29-15.15.37:854][  0]SourceControl: Info Source control is disabled
[2021.01.29-15.15.37:913][  0]SourceControl: Info Source control is disabled
[2021.01.29-15.15.38:719][  0]LogAndroidPermission: UAndroidPermissionCallbackProxy::GetInstance
[2021.01.29-15.15.39:421][  0]LogEngine: Initializing Engine...
[2021.01.29-15.15.39:421][  0]LogHMD: Failed to initialize OpenVR with code 110
[2021.01.29-15.15.39:654][  0]LogStats: UGameplayTagsManager::ConstructGameplayTagTree: Construct from data asset -  0.000 s
[2021.01.29-15.15.39:654][  0]LogStats: UGameplayTagsManager::ConstructGameplayTagTree: GameplayTagTreeChangedEvent.Broadcast -  0.000 s
[2021.01.29-15.15.39:789][  0]LogAIModule: Creating AISystem for world Untitled
[2021.01.29-15.15.39:816][  0]LogInit: XAudio2 using 'Speaker/Headphone (Realtek High Definition Audio)' : 2 channels at 48 kHz using 32 bits per sample (channel mask 0x3)
[2021.01.29-15.15.41:246][  0]LogInit: FAudioDevice initialized.
[2021.01.29-15.15.41:298][  0]LogDerivedDataCache: Saved boot cache 0.05s 90MB C:/Users/john1/AppData/Local/UnrealEngine/4.16/DerivedDataCache/Boot.ddc.
[2021.01.29-15.15.41:308][  0]LogInit: Texture streaming: Enabled
[2021.01.29-15.15.41:396][  0]LogEngineSessionManager: EngineSessionManager initialized
[2021.01.29-15.15.41:639][  0]LogInit: Transaction tracking system initialized
[2021.01.29-15.15.42:197][  0]BlueprintLog: New page: Editor Load
[2021.01.29-15.15.43:294][  0]LocalizationService: Info Localization service is disabled
[2021.01.29-15.15.44:058][  0]LogConsoleResponse:Display: 
[2021.01.29-15.15.44:221][  0]LogCook:Display: Max memory allowance for cook 16384mb min free memory 0mb
[2021.01.29-15.15.44:221][  0]LogCook:Display: Mobile HDR setting 1
[2021.01.29-15.15.45:360][  0]LogFileCache: Scanning file cache for directory 'D:/UnrealColab/GameJam-PausingBad-/PausingBad/Content/' took 0.02s
[2021.01.29-15.15.45:414][  0]SourceControl: Info Source control is disabled
[2021.01.29-15.15.45:414][  0]Cmd: MAP LOAD FILE="../../../../../UnrealColab/GameJam-PausingBad-/PausingBad/Content/SideScrollerBP/Maps/SideScrollerExampleMap.umap" TEMPLATE=0 SHOWPROGRESS=1 FEATURELEVEL=3
[2021.01.29-15.15.45:415][  0]LightingResults: New page: Lighting Build
[2021.01.29-15.15.45:471][  0]MapCheck: New page: Map Check
[2021.01.29-15.15.45:471][  0]LightingResults: New page: Lighting Build
[2021.01.29-15.15.45:894][  0]LogAIModule: Creating AISystem for world SideScrollerExampleMap
[2021.01.29-15.15.45:909][  0]LogEditorServer: Finished looking for orphan Actors (0.000 secs)
[2021.01.29-15.15.45:929][  0]Cmd: MAP CHECKDEP NOCLEARLOG
[2021.01.29-15.15.46:030][  0]MapCheck: Info Map check complete: 0 Error(s), 0 Warning(s), took 100.433ms to complete.
[2021.01.29-15.15.46:030][  0]LogFileHelpers: Loading map 'SideScrollerExampleMap' took 0.616
[2021.01.29-15.15.46:208][  0]LogCollectionManager: Loaded 0 collections in 0.002297 seconds
[2021.01.29-15.15.46:338][  0]LogFileCache: Scanning file cache for directory 'D:/UnrealColab/GameJam-PausingBad-/PausingBad/Saved/Collections/' took 0.02s
[2021.01.29-15.15.46:338][  0]LogFileCache: Scanning file cache for directory 'D:/UnrealColab/GameJam-PausingBad-/PausingBad/Content/Developers/john1/Collections/' took 0.01s
[2021.01.29-15.15.46:338][  0]LogFileCache: Scanning file cache for directory 'D:/UnrealColab/GameJam-PausingBad-/PausingBad/Content/Collections/' took 0.01s
[2021.01.29-15.15.46:338][  0]LogCollectionManager: Rebuilt the GUID cache for 0 collections in 0.000003 seconds
[2021.01.29-15.15.46:359][  0]LogContentBrowser: Native class hierarchy populated in 0.0207 seconds. Added 2329 classes and 491 folders.
[2021.01.29-15.15.46:458][  0]LogContentBrowser: Native class hierarchy updated for 'WidgetCarousel' in 0.0008 seconds. Added 0 classes and 0 folders.
[2021.01.29-15.15.46:570][  0]LogContentBrowser: Native class hierarchy updated for 'AddContentDialog' in 0.0011 seconds. Added 0 classes and 0 folders.
[2021.01.29-15.15.46:711][  0]LogContentBrowser: Native class hierarchy updated for 'SceneOutliner' in 0.0015 seconds. Added 1 classes and 2 folders.
[2021.01.29-15.15.46:758][  0]LogCrashTracker: Crashtracker disabled due to settings.
[2021.01.29-15.15.46:764][  0]LogSlate: Took 0.000426 seconds to synchronously load lazily loaded font '../../../Engine/Content/Slate/Fonts/Roboto-Regular.ttf' (155K)
[2021.01.29-15.15.46:768][  0]LogSlate: Took 0.000405 seconds to synchronously load lazily loaded font '../../../Engine/Content/Slate/Fonts/Roboto-Bold.ttf' (160K)
[2021.01.29-15.15.46:770][  0]LogSlate: Took 0.000473 seconds to synchronously load lazily loaded font '../../../Engine/Content/Editor/Slate/Fonts/FontAwesome.ttf' (139K)
[2021.01.29-15.15.46:909][  0]LogRenderer: Reallocating scene render targets to support 964x708 NumSamples 1 (Frame:1).
[2021.01.29-15.15.47:064][  0]LogUObjectGlobals:Warning: Failed to find object 'Class None.'
[2021.01.29-15.15.47:158][  0]LogContentBrowser: Native class hierarchy updated for 'HierarchicalLODOutliner' in 0.0012 seconds. Added 1 classes and 2 folders.
[2021.01.29-15.15.47:158][  0]LogLoad: (Engine Initialization) Total time: 21.97 seconds
[2021.01.29-15.15.47:158][  0]LogLoad: (Engine Initialization) Total Blueprint compile time: 0.13 seconds
[2021.01.29-15.15.47:158][  0]LogExternalProfiler: No external profilers were discovered.  External profiling features will not be available.
[2021.01.29-15.15.47:227][  0]LogOcInput: OculusInput pre-init called
[2021.01.29-15.15.47:227][  0]LogHMD: Starting GearVRController plugin
[2021.01.29-15.15.47:248][  0]LogContentStreaming: Texture pool size now 1000 MB
[2021.01.29-15.15.47:266][  0]LogSlate: Took 0.000354 seconds to synchronously load lazily loaded font '../../../Engine/Content/Slate/Fonts/Roboto-Light.ttf' (159K)
[2021.01.29-15.15.47:313][  1]LogAssetRegistry: Asset discovery search completed in 13.5281 seconds
[2021.01.29-15.15.47:316][  1]LogCollectionManager: Rebuilt the object cache for 0 collections in 0.000001 seconds (found 0 objects)
[2021.01.29-15.15.47:316][  1]LogCollectionManager: Fixed up redirectors for 0 collections in 0.000070 seconds (updated 0 objects)
[2021.01.29-15.15.48:230][ 87]LogSlate: Took 0.000377 seconds to synchronously load lazily loaded font '../../../Engine/Content/Slate/Fonts/Roboto-Light.ttf' (159K)
[2021.01.29-15.15.52:227][531]LogTemp: Repeting last play command: Selected Viewport
[2021.01.29-15.15.52:250][531]LogBlueprintUserMessages: Early PlayInEditor Detection: Level '/Game/SideScrollerBP/Maps/SideScrollerExampleMap.SideScrollerExampleMap:PersistentLevel' has LevelScriptBlueprint '/Game/SideScrollerBP/Maps/SideScrollerExampleMap.SideScrollerExampleMap:PersistentLevel.SideScrollerExampleMap' with GeneratedClass '/Game/SideScrollerBP/Maps/SideScrollerExampleMap.SideScrollerExampleMap_C' with ClassGeneratedBy '/Game/SideScrollerBP/Maps/SideScrollerExampleMap.SideScrollerExampleMap:PersistentLevel.SideScrollerExampleMap'
[2021.01.29-15.15.52:250][531]LogPlayLevel: PlayLevel: No blueprints needed recompiling
[2021.01.29-15.15.52:250][531]PIE: New page: PIE session: SideScrollerExampleMap (29 Jan 2021 15:15:52)
[2021.01.29-15.15.52:250][531]LogPlayLevel: Creating play world package: /Game/SideScrollerBP/Maps/UEDPIE_0_SideScrollerExampleMap
[2021.01.29-15.15.52:277][531]LogPlayLevel: PIE: StaticDuplicateObject took: (0.027301s)
[2021.01.29-15.15.52:278][531]LogAIModule: Creating AISystem for world SideScrollerExampleMap
[2021.01.29-15.15.52:279][531]LogPlayLevel: PIE: World Init took: (0.001233s)
[2021.01.29-15.15.52:279][531]LogPlayLevel: PIE: Created PIE world by copying editor world from /Game/SideScrollerBP/Maps/SideScrollerExampleMap.SideScrollerExampleMap to /Game/SideScrollerBP/Maps/UEDPIE_0_SideScrollerExampleMap.SideScrollerExampleMap (0.028870s)
[2021.01.29-15.15.52:302][531]LogInit: XAudio2 using 'Speaker/Headphone (Realtek High Definition Audio)' : 2 channels at 48 kHz using 32 bits per sample (channel mask 0x3)
[2021.01.29-15.15.52:344][531]LogInit: FAudioDevice initialized.
[2021.01.29-15.15.52:393][531]LogLoad: Game class is 'SideScrollerGameMode_C'
[2021.01.29-15.15.52:398][531]LogWorld: Bringing World /Game/SideScrollerBP/Maps/UEDPIE_0_SideScrollerExampleMap.SideScrollerExampleMap up for play (max tick rate 0) at 2021.01.29-15.15.52
[2021.01.29-15.15.52:398][531]LogWorld: Bringing up level for play took: 0.001970
[2021.01.29-15.15.52:444][531]LogContentBrowser: Native class hierarchy updated for 'MovieSceneCapture' in 0.0009 seconds. Added 11 classes and 0 folders.
[2021.01.29-15.15.52:445][531]PIE: Info Play in editor start time for /Game/SideScrollerBP/Maps/UEDPIE_0_SideScrollerExampleMap 0.409
[2021.01.29-15.15.52:445][531]LogBlueprintUserMessages: Late PlayInEditor Detection: Level '/Game/SideScrollerBP/Maps/SideScrollerExampleMap.SideScrollerExampleMap:PersistentLevel' has LevelScriptBlueprint '/Game/SideScrollerBP/Maps/SideScrollerExampleMap.SideScrollerExampleMap:PersistentLevel.SideScrollerExampleMap' with GeneratedClass '/Game/SideScrollerBP/Maps/SideScrollerExampleMap.SideScrollerExampleMap_C' with ClassGeneratedBy '/Game/SideScrollerBP/Maps/SideScrollerExampleMap.SideScrollerExampleMap:PersistentLevel.SideScrollerExampleMap'
[2021.01.29-15.15.58:826][273]LogBlueprintUserMessages: Early EndPlayMap Detection: Level '/Game/SideScrollerBP/Maps/SideScrollerExampleMap.SideScrollerExampleMap:PersistentLevel' has LevelScriptBlueprint '/Game/SideScrollerBP/Maps/SideScrollerExampleMap.SideScrollerExampleMap:PersistentLevel.SideScrollerExampleMap' with GeneratedClass '/Game/SideScrollerBP/Maps/SideScrollerExampleMap.SideScrollerExampleMap_C' with ClassGeneratedBy '/Game/SideScrollerBP/Maps/SideScrollerExampleMap.SideScrollerExampleMap:PersistentLevel.SideScrollerExampleMap'
[2021.01.29-15.15.58:864][273]LogBlueprintUserMessages: Late EndPlayMap Detection: Level '/Game/SideScrollerBP/Maps/SideScrollerExampleMap.SideScrollerExampleMap:PersistentLevel' has LevelScriptBlueprint '/Game/SideScrollerBP/Maps/SideScrollerExampleMap.SideScrollerExampleMap:PersistentLevel.SideScrollerExampleMap' with GeneratedClass '/Game/SideScrollerBP/Maps/SideScrollerExampleMap.SideScrollerExampleMap_C' with ClassGeneratedBy '/Game/SideScrollerBP/Maps/SideScrollerExampleMap.SideScrollerExampleMap:PersistentLevel.SideScrollerExampleMap'
[2021.01.29-15.15.59:838][384]LogEditorViewport: Clicking on Actor (LMB): StaticMeshActor (Wall3)
[2021.01.29-15.16.00:882][497]LogEditorViewport: Clicking on Actor (LMB): StaticMeshActor (Floor)
[2021.01.29-15.16.22:750][225]LogTemp: Repeting last play command: Selected Viewport
[2021.01.29-15.16.22:764][225]LogBlueprintUserMessages: Early PlayInEditor Detection: Level '/Game/SideScrollerBP/Maps/SideScrollerExampleMap.SideScrollerExampleMap:PersistentLevel' has LevelScriptBlueprint '/Game/SideScrollerBP/Maps/SideScrollerExampleMap.SideScrollerExampleMap:PersistentLevel.SideScrollerExampleMap' with GeneratedClass '/Game/SideScrollerBP/Maps/SideScrollerExampleMap.SideScrollerExampleMap_C' with ClassGeneratedBy '/Game/SideScrollerBP/Maps/SideScrollerExampleMap.SideScrollerExampleMap:PersistentLevel.SideScrollerExampleMap'
[2021.01.29-15.16.22:764][225]LogPlayLevel: PlayLevel: No blueprints needed recompiling
[2021.01.29-15.16.22:764][225]PIE: New page: PIE session: SideScrollerExampleMap (29 Jan 2021 15:16:22)
[2021.01.29-15.16.22:764][225]LogPlayLevel: Creating play world package: /Game/SideScrollerBP/Maps/UEDPIE_0_SideScrollerExampleMap
[2021.01.29-15.16.22:798][225]LogPlayLevel: PIE: StaticDuplicateObject took: (0.033534s)
[2021.01.29-15.16.22:799][225]LogAIModule: Creating AISystem for world SideScrollerExampleMap
[2021.01.29-15.16.22:799][225]LogPlayLevel: PIE: World Init took: (0.001444s)
[2021.01.29-15.16.22:800][225]LogPlayLevel: PIE: Created PIE world by copying editor world from /Game/SideScrollerBP/Maps/SideScrollerExampleMap.SideScrollerExampleMap to /Game/SideScrollerBP/Maps/UEDPIE_0_SideScrollerExampleMap.SideScrollerExampleMap (0.035307s)
[2021.01.29-15.16.22:846][225]LogInit: XAudio2 using 'Speaker/Headphone (Realtek High Definition Audio)' : 2 channels at 48 kHz using 32 bits per sample (channel mask 0x3)
[2021.01.29-15.16.22:911][225]LogInit: FAudioDevice initialized.
[2021.01.29-15.16.22:955][225]LogLoad: Game class is 'SideScrollerGameMode_C'
[2021.01.29-15.16.22:959][225]LogWorld: Bringing World /Game/SideScrollerBP/Maps/UEDPIE_0_SideScrollerExampleMap.SideScrollerExampleMap up for play (max tick rate 0) at 2021.01.29-15.16.22
[2021.01.29-15.16.22:960][225]LogWorld: Bringing up level for play took: 0.002503
[2021.01.29-15.16.22:960][225]PIE: Info Play in editor start time for /Game/SideScrollerBP/Maps/UEDPIE_0_SideScrollerExampleMap 0.924
[2021.01.29-15.16.22:961][225]LogBlueprintUserMessages: Late PlayInEditor Detection: Level '/Game/SideScrollerBP/Maps/SideScrollerExampleMap.SideScrollerExampleMap:PersistentLevel' has LevelScriptBlueprint '/Game/SideScrollerBP/Maps/SideScrollerExampleMap.SideScrollerExampleMap:PersistentLevel.SideScrollerExampleMap' with GeneratedClass '/Game/SideScrollerBP/Maps/SideScrollerExampleMap.SideScrollerExampleMap_C' with ClassGeneratedBy '/Game/SideScrollerBP/Maps/SideScrollerExampleMap.SideScrollerExampleMap:PersistentLevel.SideScrollerExampleMap'
[2021.01.29-15.16.23:344][238]Cmd: LevelEditor.ToggleImmersive
[2021.01.29-15.16.23:522][239]LogRenderer: Reallocating scene render targets to support 1172x752 NumSamples 1 (Frame:15).
[2021.01.29-15.16.23:590][240]LogRenderer: Reallocating scene render targets to support 1536x824 NumSamples 1 (Frame:17).
[2021.01.29-15.16.41:016][ 29]LogBlueprintUserMessages: Early EndPlayMap Detection: Level '/Game/SideScrollerBP/Maps/SideScrollerExampleMap.SideScrollerExampleMap:PersistentLevel' has LevelScriptBlueprint '/Game/SideScrollerBP/Maps/SideScrollerExampleMap.SideScrollerExampleMap:PersistentLevel.SideScrollerExampleMap' with GeneratedClass '/Game/SideScrollerBP/Maps/SideScrollerExampleMap.SideScrollerExampleMap_C' with ClassGeneratedBy '/Game/SideScrollerBP/Maps/SideScrollerExampleMap.SideScrollerExampleMap:PersistentLevel.SideScrollerExampleMap'
[2021.01.29-15.16.41:095][ 29]LogBlueprintUserMessages: Late EndPlayMap Detection: Level '/Game/SideScrollerBP/Maps/SideScrollerExampleMap.SideScrollerExampleMap:PersistentLevel' has LevelScriptBlueprint '/Game/SideScrollerBP/Maps/SideScrollerExampleMap.SideScrollerExampleMap:PersistentLevel.SideScrollerExampleMap' with GeneratedClass '/Game/SideScrollerBP/Maps/SideScrollerExampleMap.SideScrollerExampleMap_C' with ClassGeneratedBy '/Game/SideScrollerBP/Maps/SideScrollerExampleMap.SideScrollerExampleMap:PersistentLevel.SideScrollerExampleMap'
[2021.01.29-15.16.50:727][451]LogWindowsTextInputMethodSystem:Display: IME system now deactivated.
[2021.01.29-15.16.50:957][452]Cmd: QUIT_EDITOR
[2021.01.29-15.16.51:515][452]LogExit: Preparing to exit.
[2021.01.29-15.16.51:882][452]LogDirectoryWatcher: A directory notification for 'D:/UnrealColab/GameJam-PausingBad-/PausingBad/Content/' was aborted.
[2021.01.29-15.16.51:901][452]LogExit: Editor shut down
[2021.01.29-15.16.51:904][452]LogExit: Transaction tracking system shut down
[2021.01.29-15.16.51:950][452]LogObj: Freed 0b from 0 cluster array pools.
[2021.01.29-15.16.51:950][452]LogExit: Object subsystem successfully closed.
[2021.01.29-15.16.51:972][452]LogD3D11RHI: Shutdown
[2021.01.29-15.16.51:972][452]LogD3D11RHI: CleanupD3DDevice
[2021.01.29-15.16.52:090][452]LogD3D11RHI: ~FD3D11DynamicRHI
[2021.01.29-15.16.52:099][452]LogModuleManager: Shutting down and abandoning module MovieSceneCapture (526)
[2021.01.29-15.16.52:099][452]LogModuleManager: Shutting down and abandoning module HierarchicalLODOutliner (524)
[2021.01.29-15.16.52:099][452]LogModuleManager: Shutting down and abandoning module CrashTracker (522)
[2021.01.29-15.16.52:099][452]LogModuleManager: Shutting down and abandoning module SceneOutliner (520)
[2021.01.29-15.16.52:099][452]LogModuleManager: Shutting down and abandoning module AddContentDialog (518)
[2021.01.29-15.16.52:099][452]LogDirectoryWatcher: A directory notification for 'D:/Unreal/UE_4.16/FeaturePacks/' was aborted.
[2021.01.29-15.16.52:099][452]LogModuleManager: Shutting down and abandoning module WidgetCarousel (517)
[2021.01.29-15.16.52:099][452]LogModuleManager: Shutting down and abandoning module EditorWidgets (514)
[2021.01.29-15.16.52:099][452]LogModuleManager: Shutting down and abandoning module CollectionManager (512)
[2021.01.29-15.16.52:100][452]LogDirectoryWatcher: A directory notification for 'D:/UnrealColab/GameJam-PausingBad-/PausingBad/Content/Collections/' was aborted.
[2021.01.29-15.16.52:100][452]LogDirectoryWatcher: A directory notification for 'D:/UnrealColab/GameJam-PausingBad-/PausingBad/Content/Developers/john1/Collections/' was aborted.
[2021.01.29-15.16.52:100][452]LogDirectoryWatcher: A directory notification for 'D:/UnrealColab/GameJam-PausingBad-/PausingBad/Saved/Collections/' was aborted.
[2021.01.29-15.16.52:100][452]LogModuleManager: Shutting down and abandoning module StatsViewer (510)
[2021.01.29-15.16.52:100][452]LogModuleManager: Shutting down and abandoning module FoliageEdit (508)
[2021.01.29-15.16.52:100][452]LogModuleManager: Shutting down and abandoning module LandscapeEditor (506)
[2021.01.29-15.16.52:100][452]LogModuleManager: Shutting down and abandoning module MeshPaintMode (504)
[2021.01.29-15.16.52:100][452]LogModuleManager: Shutting down and abandoning module SceneDepthPickerMode (502)
[2021.01.29-15.16.52:100][452]LogModuleManager: Shutting down and abandoning module ActorPickerMode (500)
[2021.01.29-15.16.52:100][452]LogModuleManager: Shutting down and abandoning module GeometryMode (498)
[2021.01.29-15.16.52:100][452]LogModuleManager: Shutting down and abandoning module TextureAlignMode (496)
[2021.01.29-15.16.52:100][452]LogModuleManager: Shutting down and abandoning module BspMode (494)
[2021.01.29-15.16.52:100][452]LogModuleManager: Shutting down and abandoning module HardwareSurvey (492)
[2021.01.29-15.16.52:100][452]LogModuleManager: Shutting down and abandoning module SequenceRecorderSections (490)
[2021.01.29-15.16.52:100][452]LogModuleManager: Shutting down and abandoning module AutomationWorker (488)
[2021.01.29-15.16.52:100][452]LogModuleManager: Shutting down and abandoning module MatineeToLevelSequence (486)
[2021.01.29-15.16.52:100][452]LogModuleManager: Shutting down and abandoning module LevelSequenceEditor (484)
[2021.01.29-15.16.52:100][452]LogModuleManager: Shutting down and abandoning module PlacementMode (483)
[2021.01.29-15.16.52:100][452]LogModuleManager: Shutting down and abandoning module WmfMediaFactory (480)
[2021.01.29-15.16.52:100][452]LogModuleManager: Shutting down and abandoning module WmfMediaEditor (478)
[2021.01.29-15.16.52:100][452]LogModuleManager: Shutting down and abandoning module AvfMediaFactory (476)
[2021.01.29-15.16.52:100][452]LogModuleManager: Shutting down and abandoning module AvfMediaEditor (474)
[2021.01.29-15.16.52:100][452]LogModuleManager: Shutting down and abandoning module AndroidMediaFactory (472)
[2021.01.29-15.16.52:100][452]LogModuleManager: Shutting down and abandoning module Media (471)
[2021.01.29-15.16.52:100][452]LogModuleManager: Shutting down and abandoning module AndroidMediaEditor (468)
[2021.01.29-15.16.52:100][452]LogModuleManager: Shutting down and abandoning module CharacterAI (466)
[2021.01.29-15.16.52:100][452]LogModuleManager: Shutting down and abandoning module AudioCapture (464)
[2021.01.29-15.16.52:100][452]LogModuleManager: Shutting down and abandoning module SequenceRecorder (463)
[2021.01.29-15.16.52:100][452]LogModuleManager: Shutting down and abandoning module SmartSnapping (460)
[2021.01.29-15.16.52:100][452]LogModuleManager: Shutting down and abandoning module SessionServices (458)
[2021.01.29-15.16.52:100][452]LogModuleManager: Shutting down and abandoning module ViewportSnapping (456)
[2021.01.29-15.16.52:100][452]LogModuleManager: Shutting down and abandoning module ViewportInteraction (454)
[2021.01.29-15.16.52:100][452]LogModuleManager: Shutting down and abandoning module ClothPainter (452)
[2021.01.29-15.16.52:100][452]LogModuleManager: Shutting down and abandoning module LogVisualizer (450)
[2021.01.29-15.16.52:100][452]LogModuleManager: Shutting down and abandoning module IntroTutorials (448)
[2021.01.29-15.16.52:100][452]LogModuleManager: Shutting down and abandoning module GameProjectGeneration (447)
[2021.01.29-15.16.52:100][452]LogModuleManager: Shutting down and abandoning module EditorLiveStreaming (444)
[2021.01.29-15.16.52:100][452]LogModuleManager: Shutting down and abandoning module IOSPlatformEditor (442)
[2021.01.29-15.16.52:100][452]LogModuleManager: Shutting down and abandoning module HTML5PlatformEditor (440)
[2021.01.29-15.16.52:100][452]LogModuleManager: Shutting down and abandoning module AndroidPlatformEditor (438)
[2021.01.29-15.16.52:100][452]LogModuleManager: Shutting down and abandoning module AndroidDeviceDetection (437)
[2021.01.29-15.16.52:717][452]LogModuleManager: Shutting down and abandoning module IOSRuntimeSettings (434)
[2021.01.29-15.16.52:717][452]LogModuleManager: Shutting down and abandoning module AndroidRuntimeSettings (432)
[2021.01.29-15.16.52:717][452]LogModuleManager: Shutting down and abandoning module InputBindingEditor (430)
[2021.01.29-15.16.52:717][452]LogModuleManager: Shutting down and abandoning module MergeActors (428)
[2021.01.29-15.16.52:718][452]LogModuleManager: Shutting down and abandoning module SizeMap (426)
[2021.01.29-15.16.52:718][452]LogModuleManager: Shutting down and abandoning module TreeMap (424)
[2021.01.29-15.16.52:718][452]LogModuleManager: Shutting down and abandoning module ReferenceViewer (422)
[2021.01.29-15.16.52:718][452]LogModuleManager: Shutting down and abandoning module LocalizationDashboard (420)
[2021.01.29-15.16.52:718][452]LogModuleManager: Shutting down and abandoning module LocalizationService (419)
[2021.01.29-15.16.52:718][452]LogModuleManager: Shutting down and abandoning module HardwareTargeting (416)
[2021.01.29-15.16.52:718][452]LogModuleManager: Shutting down and abandoning module DeviceProfileEditor (414)
[2021.01.29-15.16.52:718][452]LogModuleManager: Shutting down and abandoning module UndoHistory (412)
[2021.01.29-15.16.52:718][452]LogModuleManager: Shutting down and abandoning module UserFeedback (410)
[2021.01.29-15.16.52:718][452]LogModuleManager: Shutting down and abandoning module XmlParser (408)
[2021.01.29-15.16.52:718][452]LogModuleManager: Shutting down and abandoning module Blutility (406)
[2021.01.29-15.16.52:718][452]LogModuleManager: Shutting down and abandoning module ProjectSettingsViewer (404)
[2021.01.29-15.16.52:718][452]LogModuleManager: Shutting down and abandoning module ProjectTargetPlatformEditor (403)
[2021.01.29-15.16.52:718][452]LogModuleManager: Shutting down and abandoning module EditorSettingsViewer (400)
[2021.01.29-15.16.52:718][452]LogModuleManager: Shutting down and abandoning module SettingsEditor (398)
[2021.01.29-15.16.52:718][452]LogModuleManager: Shutting down and abandoning module ProjectLauncher (396)
[2021.01.29-15.16.52:718][452]LogModuleManager: Shutting down and abandoning module SessionFrontend (394)
[2021.01.29-15.16.52:718][452]LogModuleManager: Shutting down and abandoning module ProfilerClient (392)
[2021.01.29-15.16.52:718][452]LogModuleManager: Shutting down and abandoning module DeviceManager (390)
[2021.01.29-15.16.52:718][452]LogModuleManager: Shutting down and abandoning module TargetDeviceServices (389)
[2021.01.29-15.16.52:760][452]LogModuleManager: Shutting down and abandoning module AutomationController (386)
[2021.01.29-15.16.52:760][452]LogModuleManager: Shutting down and abandoning module AutomationWindow (384)
[2021.01.29-15.16.52:760][452]LogModuleManager: Shutting down and abandoning module Layers (382)
[2021.01.29-15.16.52:760][452]LogModuleManager: Shutting down and abandoning module ComponentVisualizers (380)
[2021.01.29-15.16.52:760][452]LogModuleManager: Shutting down and abandoning module DetailCustomizations (378)
[2021.01.29-15.16.52:760][452]LogModuleManager: Shutting down and abandoning module PackagesDialog (376)
[2021.01.29-15.16.52:760][452]LogModuleManager: Shutting down and abandoning module Persona (374)
[2021.01.29-15.16.52:760][452]LogModuleManager: Shutting down and abandoning module AdvancedPreviewScene (373)
[2021.01.29-15.16.52:760][452]LogModuleManager: Shutting down and abandoning module AnimGraph (371)
[2021.01.29-15.16.52:760][452]LogModuleManager: Shutting down and abandoning module Kismet (368)
[2021.01.29-15.16.52:760][452]LogModuleManager: Shutting down and abandoning module ClassViewer (366)
[2021.01.29-15.16.52:760][452]LogModuleManager: Shutting down and abandoning module Toolbox (364)
[2021.01.29-15.16.52:760][452]LogModuleManager: Shutting down and abandoning module ModuleUI (362)
[2021.01.29-15.16.52:760][452]LogModuleManager: Shutting down and abandoning module MovieSceneTools (360)
[2021.01.29-15.16.52:760][452]LogModuleManager: Shutting down and abandoning module OutputLog (358)
[2021.01.29-15.16.52:760][452]LogModuleManager: Shutting down and abandoning module GammaUI (356)
[2021.01.29-15.16.52:760][452]LogModuleManager: Shutting down and abandoning module Documentation (354)
[2021.01.29-15.16.52:760][452]LogModuleManager: Shutting down and abandoning module MovieSceneTracks (352)
[2021.01.29-15.16.52:760][452]LogModuleManager: Shutting down and abandoning module MovieScene (350)
[2021.01.29-15.16.52:760][452]LogModuleManager: Shutting down and abandoning module Niagara (348)
[2021.01.29-15.16.52:760][452]LogModuleManager: Shutting down and abandoning module NiagaraEditor (347)
[2021.01.29-15.16.52:760][452]LogModuleManager: Shutting down and abandoning module StreamingPauseRendering (344)
[2021.01.29-15.16.52:760][452]LogModuleManager: Shutting down and abandoning module AnalyticsET (342)
[2021.01.29-15.16.52:760][452]LogModuleManager: Shutting down and abandoning module PortalServices (340)
[2021.01.29-15.16.52:760][452]LogModuleManager: Shutting down and abandoning module PortalRpc (338)
[2021.01.29-15.16.52:760][452]LogModuleManager: Shutting down and abandoning module MessagingRpc (336)
[2021.01.29-15.16.52:760][452]LogModuleManager: Shutting down and abandoning module AIModule (334)
[2021.01.29-15.16.52:760][452]LogModuleManager: Shutting down and abandoning module GameplayDebugger (333)
[2021.01.29-15.16.52:760][452]LogModuleManager: Shutting down and abandoning module AITestSuite (331)
[2021.01.29-15.16.52:760][452]LogModuleManager: Shutting down and abandoning module ProfilerService (328)
[2021.01.29-15.16.52:778][452]LogModuleManager: Shutting down and abandoning module TaskGraph (326)
[2021.01.29-15.16.52:778][452]LogModuleManager: Shutting down and abandoning module SteamVRController (324)
[2021.01.29-15.16.52:778][452]LogModuleManager: Shutting down and abandoning module SteamVR (322)
[2021.01.29-15.16.52:778][452]LogModuleManager: Shutting down and abandoning module ProceduralMeshComponentEditor (320)
[2021.01.29-15.16.52:778][452]LogModuleManager: Shutting down and abandoning module ProceduralMeshComponent (318)
[2021.01.29-15.16.52:778][452]LogModuleManager: Shutting down and abandoning module OculusLibrary (316)
[2021.01.29-15.16.52:778][452]LogModuleManager: Shutting down and abandoning module OculusInput (314)
[2021.01.29-15.16.52:778][452]LogModuleManager: Shutting down and abandoning module MobilePatchingUtils (312)
[2021.01.29-15.16.52:778][452]LogModuleManager: Shutting down and abandoning module CustomMeshComponent (310)
[2021.01.29-15.16.52:778][452]LogModuleManager: Shutting down and abandoning module CableComponent (308)
[2021.01.29-15.16.52:778][452]LogModuleManager: Shutting down and abandoning module ArchVisCharacter (306)
[2021.01.29-15.16.52:778][452]LogModuleManager: Shutting down and abandoning module AndroidPermission (304)
[2021.01.29-15.16.52:778][452]LogModuleManager: Shutting down and abandoning module MediaPlayerEditor (300)
[2021.01.29-15.16.52:778][452]LogModuleManager: Shutting down and abandoning module HTML5Networking (298)
[2021.01.29-15.16.52:778][452]LogModuleManager: Shutting down and abandoning module AlembicImporter (296)
[2021.01.29-15.16.52:778][452]LogModuleManager: Shutting down and abandoning module AlembicLibrary (295)
[2021.01.29-15.16.52:778][452]LogModuleManager: Shutting down and abandoning module GeometryCache (294)
[2021.01.29-15.16.52:778][452]LogModuleManager: Shutting down and abandoning module GeometryCacheEd (293)
[2021.01.29-15.16.52:778][452]LogModuleManager: Shutting down and abandoning module SuperSearchEditor (288)
[2021.01.29-15.16.52:778][452]LogModuleManager: Shutting down and abandoning module SuperSearch (287)
[2021.01.29-15.16.52:778][452]LogModuleManager: Shutting down and abandoning module SpeedTreeImporter (284)
[2021.01.29-15.16.52:778][452]LogModuleManager: Shutting down and abandoning module PluginBrowser (282)
[2021.01.29-15.16.52:778][452]LogModuleManager: Shutting down and abandoning module MobileLauncherProfileWizard (280)
[2021.01.29-15.16.52:778][452]LogModuleManager: Shutting down and abandoning module VisualStudioSourceCodeAccess (278)
[2021.01.29-15.16.52:778][452]LogModuleManager: Shutting down and abandoning module DesktopPlatform (277)
[2021.01.29-15.16.52:778][452]LogModuleManager: Shutting down and abandoning module UObjectPlugin (274)
[2021.01.29-15.16.52:778][452]LogModuleManager: Shutting down and abandoning module SubversionSourceControl (272)
[2021.01.29-15.16.52:778][452]LogModuleManager: Shutting down and abandoning module PerforceSourceControl (270)
[2021.01.29-15.16.52:778][452]LogModuleManager: Shutting down and abandoning module GitSourceControl (268)
[2021.01.29-15.16.52:778][452]LogModuleManager: Shutting down and abandoning module SourceControl (267)
[2021.01.29-15.16.52:778][452]LogModuleManager: Shutting down and abandoning module LightPropagationVolumeEditor (264)
[2021.01.29-15.16.52:778][452]LogModuleManager: Shutting down and abandoning module PaperTiledImporter (262)
[2021.01.29-15.16.52:778][452]LogModuleManager: Shutting down and abandoning module PaperSpriteSheetImporter (260)
[2021.01.29-15.16.52:778][452]LogModuleManager: Shutting down and abandoning module Paper2DEditor (258)
[2021.01.29-15.16.52:778][452]LogModuleManager: Shutting down and abandoning module MeshPaint (257)
[2021.01.29-15.16.52:778][452]LogModuleManager: Shutting down and abandoning module LevelEditor (255)
[2021.01.29-15.16.52:778][452]LogModuleManager: Shutting down and abandoning module PixelInspectorModule (254)
[2021.01.29-15.16.52:778][452]LogModuleManager: Shutting down and abandoning module MainFrame (252)
[2021.01.29-15.16.52:778][452]LogModuleManager: Shutting down and abandoning module HotReload (251)
[2021.01.29-15.16.52:779][452]LogModuleManager: Shutting down and abandoning module PhysXVehiclesEditor (246)
[2021.01.29-15.16.52:779][452]LogModuleManager: Shutting down and abandoning module PhysXVehicles (244)
[2021.01.29-15.16.52:779][452]LogModuleManager: Shutting down and abandoning module LocationServicesBPLibrary (242)
[2021.01.29-15.16.52:779][452]LogModuleManager: Shutting down and abandoning module ImmediatePhysicsEditor (240)
[2021.01.29-15.16.52:779][452]LogModuleManager: Shutting down and abandoning module ImmediatePhysics (238)
[2021.01.29-15.16.52:779][452]LogModuleManager: Shutting down and abandoning module UdpMessaging (236)
[2021.01.29-15.16.52:880][452]LogModuleManager: Shutting down and abandoning module TcpMessaging (234)
[2021.01.29-15.16.52:981][452]LogModuleManager: Shutting down and abandoning module GameplayTagsEditor (232)
[2021.01.29-15.16.52:981][452]LogModuleManager: Shutting down and abandoning module FacialAnimationEditor (230)
[2021.01.29-15.16.52:981][452]LogModuleManager: Shutting down and abandoning module FacialAnimation (228)
[2021.01.29-15.16.52:981][452]LogModuleManager: Shutting down and abandoning module AssetManagerEditor (226)
[2021.01.29-15.16.52:981][452]LogModuleManager: Shutting down and abandoning module GraphEditor (225)
[2021.01.29-15.16.52:981][452]LogModuleManager: Shutting down and abandoning module ContentBrowser (223)
[2021.01.29-15.16.52:982][452]LogModuleManager: Shutting down and abandoning module LightPropagationVolumeRuntime (220)
[2021.01.29-15.16.52:982][452]LogModuleManager: Shutting down and abandoning module Paper2D (218)
[2021.01.29-15.16.52:982][452]LogModuleManager: Shutting down and abandoning module WindowsMoviePlayer (216)
[2021.01.29-15.16.52:982][452]LogModuleManager: Shutting down and abandoning module WmfMedia (214)
[2021.01.29-15.16.52:985][452]LogModuleManager: Shutting down and abandoning module ClothingSystemEditor (212)
[2021.01.29-15.16.52:985][452]LogModuleManager: Shutting down and abandoning module ClothingSystemRuntime (210)
[2021.01.29-15.16.52:985][452]LogModuleManager: Shutting down and abandoning module MediaAssets (208)
[2021.01.29-15.16.52:985][452]LogModuleManager: Shutting down and abandoning module GameLiveStreaming (206)
[2021.01.29-15.16.52:985][452]LogModuleManager: Shutting down and abandoning module VREditor (204)
[2021.01.29-15.16.52:985][452]LogModuleManager: Shutting down and abandoning module StringTableEditor (202)
[2021.01.29-15.16.52:985][452]LogModuleManager: Shutting down and abandoning module GameplayTasksEditor (200)
[2021.01.29-15.16.52:985][452]LogModuleManager: Shutting down and abandoning module BehaviorTreeEditor (198)
[2021.01.29-15.16.52:985][452]LogModuleManager: Shutting down and abandoning module FunctionalTesting (196)
[2021.01.29-15.16.52:985][452]LogModuleManager: Shutting down and abandoning module CollisionAnalyzer (194)
[2021.01.29-15.16.52:985][452]LogModuleManager: Shutting down and abandoning module UMG (192)
[2021.01.29-15.16.52:985][452]LogModuleManager: Shutting down and abandoning module UMGEditor (191)
[2021.01.29-15.16.52:985][452]LogModuleManager: Shutting down and abandoning module Sequencer (190)
[2021.01.29-15.16.52:985][452]LogModuleManager: Shutting down and abandoning module AssetTools (188)
[2021.01.29-15.16.52:985][452]LogModuleManager: Shutting down and abandoning module MessageLog (187)
[2021.01.29-15.16.52:985][452]LogModuleManager: Shutting down and abandoning module WorkspaceMenuStructure (186)
[2021.01.29-15.16.52:985][452]LogModuleManager: Shutting down and abandoning module SlateReflector (180)
[2021.01.29-15.16.52:985][452]LogModuleManager: Shutting down and abandoning module Slate (178)
[2021.01.29-15.16.52:985][452]LogModuleManager: Shutting down and abandoning module EditorStyle (176)
[2021.01.29-15.16.52:988][452]LogModuleManager: Shutting down and abandoning module SourceCodeAccess (174)
[2021.01.29-15.16.52:988][452]LogModuleManager: Shutting down and abandoning module HeadMountedDisplay (172)
[2021.01.29-15.16.52:988][452]LogModuleManager: Shutting down and abandoning module XAudio2 (170)
[2021.01.29-15.16.52:988][452]LogModuleManager: Shutting down and abandoning module Networking (168)
[2021.01.29-15.16.52:988][452]LogModuleManager: Shutting down and abandoning module Core (164)
[2021.01.29-15.16.52:988][452]LogModuleManager: Shutting down and abandoning module AssetRegistry (162)
[2021.01.29-15.16.53:065][452]LogDirectoryWatcher: A directory notification for '../../../Engine/Content/' was aborted.
[2021.01.29-15.16.53:065][452]LogDirectoryWatcher: A directory notification for '../../../../../UnrealColab/GameJam-PausingBad-/PausingBad/Content/' was aborted.
[2021.01.29-15.16.53:065][452]LogDirectoryWatcher: A directory notification for '../../../Engine/Plugins/2D/Paper2D/Content/' was aborted.
[2021.01.29-15.16.53:065][452]LogDirectoryWatcher: A directory notification for '../../../Engine/Plugins/Runtime/GearVR/Content/' was aborted.
[2021.01.29-15.16.53:068][452]LogModuleManager: Shutting down and abandoning module DirectoryWatcher (161)
[2021.01.29-15.16.53:068][452]LogModuleManager: Shutting down and abandoning module KismetCompiler (158)
[2021.01.29-15.16.53:068][452]LogModuleManager: Shutting down and abandoning module LevelSequence (156)
[2021.01.29-15.16.53:068][452]LogModuleManager: Shutting down and abandoning module PhysXFormats (154)
[2021.01.29-15.16.53:068][452]LogModuleManager: Shutting down and abandoning module MeshUtilities (152)
[2021.01.29-15.16.53:068][452]LogModuleManager: Shutting down and abandoning module SimplygonSwarm (151)
[2021.01.29-15.16.53:068][452]LogModuleManager: Shutting down and abandoning module SimplygonMeshReduction (149)
[2021.01.29-15.16.53:068][452]LogModuleManager: Shutting down and abandoning module QuadricMeshReduction (147)
[2021.01.29-15.16.53:068][452]LogModuleManager: Shutting down and abandoning module DerivedDataCache (144)
[2021.01.29-15.16.53:500][452]LogDerivedDataCache: Shutdown
[2021.01.29-15.16.53:500][452]LogModuleManager: Shutting down and abandoning module TargetPlatform (142)
[2021.01.29-15.16.53:500][452]LogModuleManager: Shutting down and abandoning module VulkanShaderFormat (141)
[2021.01.29-15.16.53:500][452]LogModuleManager: Shutting down and abandoning module ShaderFormatVectorVM (139)
[2021.01.29-15.16.53:500][452]LogModuleManager: Shutting down and abandoning module ShaderFormatOpenGL (137)
[2021.01.29-15.16.53:500][452]LogModuleManager: Shutting down and abandoning module ShaderFormatD3D (135)
[2021.01.29-15.16.53:500][452]LogModuleManager: Shutting down and abandoning module MetalShaderFormat (133)
[2021.01.29-15.16.53:500][452]LogModuleManager: Shutting down and abandoning module TextureFormatUncompressed (131)
[2021.01.29-15.16.53:500][452]LogModuleManager: Shutting down and abandoning module TextureFormatPVR (129)
[2021.01.29-15.16.53:500][452]LogModuleManager: Shutting down and abandoning module TextureFormatDXT (127)
[2021.01.29-15.16.53:500][452]LogModuleManager: Shutting down and abandoning module TextureFormatIntelISPCTexComp (125)
[2021.01.29-15.16.53:500][452]LogModuleManager: Shutting down and abandoning module TextureFormatASTC (123)
[2021.01.29-15.16.53:500][452]LogModuleManager: Shutting down and abandoning module ImageWrapper (122)
[2021.01.29-15.16.53:500][452]LogModuleManager: Shutting down and abandoning module TextureFormatAndroid (119)
[2021.01.29-15.16.53:500][452]LogModuleManager: Shutting down and abandoning module AudioFormatOpus (117)
[2021.01.29-15.16.53:500][452]LogModuleManager: Shutting down and abandoning module AudioFormatOgg (115)
[2021.01.29-15.16.53:500][452]LogModuleManager: Shutting down and abandoning module AudioFormatADPCM (113)
[2021.01.29-15.16.53:500][452]LogModuleManager: Shutting down and abandoning module LinuxTargetPlatform (111)
[2021.01.29-15.16.53:500][452]LogModuleManager: Shutting down and abandoning module LinuxServerTargetPlatform (109)
[2021.01.29-15.16.53:500][452]LogModuleManager: Shutting down and abandoning module LinuxNoEditorTargetPlatform (107)
[2021.01.29-15.16.53:500][452]LogModuleManager: Shutting down and abandoning module LinuxClientTargetPlatform (105)
[2021.01.29-15.16.53:500][452]LogModuleManager: Shutting down and abandoning module TVOSTargetPlatform (103)
[2021.01.29-15.16.53:500][452]LogModuleManager: Shutting down and abandoning module Messaging (101)
[2021.01.29-15.16.53:500][452]LogModuleManager: Shutting down and abandoning module IOSTargetPlatform (99)
[2021.01.29-15.16.53:500][452]LogModuleManager: Shutting down and abandoning module HTML5TargetPlatform (97)
[2021.01.29-15.16.53:500][452]LogModuleManager: Shutting down and abandoning module Android_PVRTCTargetPlatform (95)
[2021.01.29-15.16.53:500][452]LogModuleManager: Shutting down and abandoning module Android_MultiTargetPlatform (93)
[2021.01.29-15.16.53:500][452]LogModuleManager: Shutting down and abandoning module Android_ETC2TargetPlatform (91)
[2021.01.29-15.16.53:500][452]LogModuleManager: Shutting down and abandoning module Android_ETC1TargetPlatform (89)
[2021.01.29-15.16.53:500][452]LogModuleManager: Shutting down and abandoning module Android_DXTTargetPlatform (87)
[2021.01.29-15.16.53:500][452]LogModuleManager: Shutting down and abandoning module Android_ATCTargetPlatform (85)
[2021.01.29-15.16.53:500][452]LogModuleManager: Shutting down and abandoning module Android_ASTCTargetPlatform (83)
[2021.01.29-15.16.53:500][452]LogModuleManager: Shutting down and abandoning module AndroidTargetPlatform (81)
[2021.01.29-15.16.53:500][452]LogModuleManager: Shutting down and abandoning module WindowsTargetPlatform (79)
[2021.01.29-15.16.53:500][452]LogModuleManager: Shutting down and abandoning module WindowsServerTargetPlatform (77)
[2021.01.29-15.16.53:500][452]LogModuleManager: Shutting down and abandoning module WindowsNoEditorTargetPlatform (75)
[2021.01.29-15.16.53:500][452]LogModuleManager: Shutting down and abandoning module WindowsClientTargetPlatform (73)
[2021.01.29-15.16.53:500][452]LogModuleManager: Shutting down and abandoning module MacTargetPlatform (71)
[2021.01.29-15.16.53:500][452]LogModuleManager: Shutting down and abandoning module MacServerTargetPlatform (69)
[2021.01.29-15.16.53:500][452]LogModuleManager: Shutting down and abandoning module MacNoEditorTargetPlatform (67)
[2021.01.29-15.16.53:500][452]LogModuleManager: Shutting down and abandoning module MacClientTargetPlatform (65)
[2021.01.29-15.16.53:500][452]LogModuleManager: Shutting down and abandoning module AllDesktopTargetPlatform (63)
[2021.01.29-15.16.53:500][452]LogModuleManager: Shutting down and abandoning module InputCore (60)
[2021.01.29-15.16.53:500][452]LogModuleManager: Shutting down and abandoning module Settings (58)
[2021.01.29-15.16.53:500][452]LogModuleManager: Shutting down and abandoning module OculusRift (56)
[2021.01.29-15.16.53:500][452]LogModuleManager: Shutting down and abandoning module GearVRController (54)
[2021.01.29-15.16.53:500][452]LogModuleManager: Shutting down and abandoning module GearVR (52)
[2021.01.29-15.16.53:500][452]LogModuleManager: Shutting down and abandoning module ExampleDeviceProfileSelector (50)
[2021.01.29-15.16.53:500][452]LogModuleManager: Shutting down and abandoning module OnlineBlueprintSupport (48)
[2021.01.29-15.16.53:500][452]LogModuleManager: Shutting down and abandoning module OnlineSubsystem (44)
[2021.01.29-15.16.53:500][452]LogOnline:Display: Unloading online subsystem: NULL
[2021.01.29-15.16.53:500][452]LogModuleManager: Shutting down and abandoning module XMPP (43)
[2021.01.29-15.16.53:500][452]LogModuleManager: Shutting down and abandoning module HTTP (41)
[2021.01.29-15.16.53:500][452]LogHttp:Display: Http module shutting down, but needs to wait on 1 outstanding Http requests:
[2021.01.29-15.16.53:500][452]LogHttp:Display: 	verb=[POST] url=[https://datarouter.ol.epicgames.com/datarouter/api/v1/public/data?SessionID=%7BD082A19E-48E8-2B57-00CF-62A2A3CA820D%7D&AppID=UEEditor.Rocket.Release&AppVersion=4.16.3-3561208%2B%2B%2BUE4%2BRelease-4.16&UserID=4354069243b4d16791bbba8d00e80ab4%7C60f93f945eb2432d977c8e8303dff976%7Cacd713bb-912d-444e-8a08-f8c1916b0bf4&AppEnvironment=datacollector-binary&UploadType=eteventstream] status=Processing
[2021.01.29-15.16.53:528][452]LogModuleManager: Shutting down and abandoning module SSL (40)
[2021.01.29-15.16.53:529][452]LogModuleManager: Shutting down and abandoning module HTTPChunkInstaller (36)
[2021.01.29-15.16.53:529][452]LogModuleManager: Shutting down and abandoning module AnimationModifiers (34)
[2021.01.29-15.16.53:529][452]LogModuleManager: Shutting down and abandoning module PropertyEditor (33)
[2021.01.29-15.16.53:529][452]LogModuleManager: Shutting down and abandoning module AudioEditor (30)
[2021.01.29-15.16.53:529][452]LogModuleManager: Shutting down and abandoning module TextureCompressor (28)
[2021.01.29-15.16.53:529][452]LogModuleManager: Shutting down and abandoning module ShaderCore (26)
[2021.01.29-15.16.53:529][452]LogModuleManager: Shutting down and abandoning module Landscape (24)
[2021.01.29-15.16.53:529][452]LogModuleManager: Shutting down and abandoning module SlateRHIRenderer (22)
[2021.01.29-15.16.53:530][452]LogModuleManager: Shutting down and abandoning module OpenGLDrv (20)
[2021.01.29-15.16.53:530][452]LogModuleManager: Shutting down and abandoning module D3D11RHI (18)
[2021.01.29-15.16.53:530][452]LogModuleManager: Shutting down and abandoning module AnimGraphRuntime (16)
[2021.01.29-15.16.53:530][452]LogModuleManager: Shutting down and abandoning module Renderer (14)
[2021.01.29-15.16.53:530][452]LogModuleManager: Shutting down and abandoning module Engine (12)
[2021.01.29-15.16.53:530][452]LogModuleManager: Shutting down and abandoning module CoreUObject (10)
[2021.01.29-15.16.53:530][452]LogModuleManager: Shutting down and abandoning module NetworkFile (8)
[2021.01.29-15.16.53:530][452]LogModuleManager: Shutting down and abandoning module StreamingFile (6)
[2021.01.29-15.16.53:530][452]LogModuleManager: Shutting down and abandoning module SandboxFile (4)
[2021.01.29-15.16.53:530][452]LogModuleManager: Shutting down and abandoning module PakFile (2)
[2021.01.29-15.16.53:532][452]LogExit: Exiting.
[2021.01.29-15.16.53:540][452]Log file closed, 01/29/21 15:16:53
