Log file open, 01/29/21 14:37:30
LogInit:Display: Running engine for game: PausingBad
LogPlatformFile: Not using cached read wrapper
LogInit:Display: RandInit(6016435) SRandInit(6016435).
LogTaskGraph: Started task graph with 5 named threads and 12 total threads with 1 sets of task threads.
LogStats: Stats thread started at 0.168639
LogInit: Using libcurl 7.47.1
LogInit:  - built for x86_64-pc-win32
LogInit:  - supports SSL with OpenSSL/1.0.2g
LogInit:  - supports HTTP deflate (compression) using libz 1.2.8
LogInit:  - other features:
LogInit:      CURL_VERSION_SSL
LogInit:      CURL_VERSION_LIBZ
LogInit:      CURL_VERSION_IPV6
LogInit:      CURL_VERSION_ASYNCHDNS
LogInit:      CURL_VERSION_LARGEFILE
LogInit:      CURL_VERSION_IDN
LogInit:  CurlRequestOptions (configurable via config and command line):
LogInit:  - bVerifyPeer = false  - Libcurl will NOT verify peer certificate
LogInit:  - bUseHttpProxy = false  - Libcurl will NOT use HTTP proxy
LogInit:  - bDontReuseConnections = false  - Libcurl will reuse connections
LogInit:  - CertBundlePath = nullptr  - Libcurl will use whatever was configured at build time.
LogInit: Build: ++UE4+Release-4.16-CL-3561208
LogInit: Engine Version: 4.16.3-3561208+++UE4+Release-4.16
LogInit: Compatible Engine Version: 4.16.0-3452394+++UE4+Release-4.16
LogInit: Net CL: 3452394
LogDevObjectVersion: Number of dev versions registered: 16
LogDevObjectVersion:   Dev-Blueprints (B0D832E4-1F89-4F0D-ACCF-7EB736FD4AA2): 9
LogDevObjectVersion:   Dev-Build (E1C64328-A22C-4D53-A36C-8E866417BD8C): 0
LogDevObjectVersion:   Dev-Core (375EC13C-06E4-48FB-B500-84F0262A717E): 2
LogDevObjectVersion:   Dev-Editor (E4B068ED-F494-42E9-A231-DA0B2E46BB41): 17
LogDevObjectVersion:   Dev-Framework (CFFC743F-43B0-4480-9391-14DF171D2073): 23
LogDevObjectVersion:   Dev-Mobile (B02B49B5-BB20-44E9-A304-32B752E40360): 0
LogDevObjectVersion:   Dev-Networking (A4E4105C-59A1-49B5-A7C5-40C4547EDFEE): 0
LogDevObjectVersion:   Dev-Online (39C831C9-5AE6-47DC-9A44-9C173E1C8E7C): 0
LogDevObjectVersion:   Dev-Physics (78F01B33-EBEA-4F98-B9B4-84EACCB95AA2): 0
LogDevObjectVersion:   Dev-Platform (6631380F-2D4D-43E0-8009-CF276956A95A): 0
LogDevObjectVersion:   Dev-Rendering (12F88B9F-8875-4AFC-A67C-D90C383ABD29): 15
LogDevObjectVersion:   Dev-Sequencer (7B5AE74C-D270-4C10-A958-57980B212A5A): 4
LogDevObjectVersion:   Dev-VR (D7296918-1DD6-4BDD-9DE2-64A83CC13884): 0
LogDevObjectVersion:   Dev-LoadTimes (C2A15278-BFE7-4AFE-6C17-90FF531DF755): 1
LogDevObjectVersion:   Private-Geometry (6EACA3D4-40EC-4CC1-B786-8BED09428FC5): 1
LogDevObjectVersion:   Dev-AnimPhys (29E575DD-E0A3-4627-9D10-D276232CDCEA): 3
LogInit: Compiled (64-bit): Jul 28 2017 11:49:47
LogInit: Compiled with Visual C++: 19.00.24215.01
LogInit: Build Configuration: Development
LogInit: Branch Name: ++UE4+Release-4.16
LogInit: Command line: -EpicPortal  -epicusername="Living_Saint" -epicuserid=3dcb8f3c6f134827adb2234e3c51948f -epiclocale=en
LogInit: Base directory: D:/Job_Related_items_h/Unreal/UE_4.16/Engine/Binaries/Win64/
LogInit: Installed Engine Build: 1
LogInit: Presizing for max 8388607 objects, including 0 objects not considered by GC, pre-allocating 0 bytes for permanent pool.
LogInit: Object subsystem initialized
[2021.01.29-14.37.30:956][  0]LogInit: Selected Device Profile: [Windows]
[2021.01.29-14.37.30:956][  0]LogInit: Applying CVar settings loaded from the selected device profile: [Windows]
[2021.01.29-14.37.30:962][  0]LogInit: Computer: DESKTOP-K8HPVP9
[2021.01.29-14.37.30:962][  0]LogInit: User: james
[2021.01.29-14.37.30:962][  0]LogInit: CPU Page size=4096, Cores=8
[2021.01.29-14.37.30:962][  0]LogInit: High frequency timer resolution =10.000000 MHz
[2021.01.29-14.37.30:962][  0]LogMemory: Memory total: Physical=31.9GB (32GB approx)
[2021.01.29-14.37.30:962][  0]LogMemory: Platform Memory Stats for Windows
[2021.01.29-14.37.30:962][  0]LogMemory: Process Physical Memory: 275.05 MB used, 275.05 MB peak
[2021.01.29-14.37.30:962][  0]LogMemory: Process Virtual Memory: 267.63 MB used, 267.63 MB peak
[2021.01.29-14.37.30:962][  0]LogMemory: Physical Memory: 8985.67 MB used,  23728.50 MB free, 32714.17 MB total
[2021.01.29-14.37.30:962][  0]LogMemory: Virtual Memory: 4754.83 MB used,  23728.50 MB free, 134217728.00 MB total
[2021.01.29-14.37.31:007][  0]LogInit: Using OS detected language (en-GB).
[2021.01.29-14.37.31:007][  0]LogInit: Using OS detected locale (en-GB).
[2021.01.29-14.37.31:009][  0]LogTextLocalizationManager: No specific localization for 'en-GB' exists, so the 'en' localization will be used.
[2021.01.29-14.37.31:645][  0]LogD3D11RHI: D3D11 adapters:
[2021.01.29-14.37.31:717][  0]LogD3D11RHI:    0. 'NVIDIA GeForce RTX 3090' (Feature Level 11_0)
[2021.01.29-14.37.31:717][  0]LogD3D11RHI:       24348/0/16357 MB DedicatedVideo/DedicatedSystem/SharedSystem, Outputs:2, VendorId:0x10de
[2021.01.29-14.37.31:718][  0]LogD3D11RHI:    1. 'Microsoft Basic Render Driver' (Feature Level 11_0)
[2021.01.29-14.37.31:718][  0]LogD3D11RHI:       0/0/16357 MB DedicatedVideo/DedicatedSystem/SharedSystem, Outputs:0, VendorId:0x1414
[2021.01.29-14.37.31:718][  0]LogD3D11RHI: Chosen D3D11 Adapter: 0
[2021.01.29-14.37.31:723][  0]LogD3D11RHI: Creating new Direct3DDevice
[2021.01.29-14.37.31:723][  0]LogD3D11RHI:     GPU DeviceId: 0x2204 (for the marketing name, search the web for "GPU Device Id")
[2021.01.29-14.37.31:723][  0]LogWindows: EnumDisplayDevices:
[2021.01.29-14.37.31:723][  0]LogWindows:    0. 'NVIDIA GeForce RTX 3090' (P:1 D:1)
[2021.01.29-14.37.31:723][  0]LogWindows:    1. 'NVIDIA GeForce RTX 3090' (P:0 D:1)
[2021.01.29-14.37.31:723][  0]LogWindows:    2. 'NVIDIA GeForce RTX 3090' (P:0 D:0)
[2021.01.29-14.37.31:724][  0]LogWindows:    3. 'NVIDIA GeForce RTX 3090' (P:0 D:0)
[2021.01.29-14.37.31:724][  0]LogWindows: DebugString: GetVideoDriverDetailsInvalid PrimaryIsNotTheChoosenAdapter GetVideoDriverDetailsInvalid PrimaryIsNotTheChoosenAdapter GetVideoDriverDetailsInvalid PrimaryIsNotTheChoosenAdapter GetVideoDriverDetailsInvalid PrimaryIsNotTheChoosenAdapter FoundDriverCount:0 
[2021.01.29-14.37.31:724][  0]LogD3D11RHI:     Adapter Name: NVIDIA GeForce RTX 3090
[2021.01.29-14.37.31:724][  0]LogD3D11RHI:   Driver Version: Unknown (internal:Unknown, unified:Unknown)
[2021.01.29-14.37.31:724][  0]LogD3D11RHI:      Driver Date: Unknown
[2021.01.29-14.37.31:724][  0]LogRHI: Texture pool is 1361 MB (70% of 1945 MB)
[2021.01.29-14.37.31:772][  0]LogD3D11RHI: Async texture creation enabled
[2021.01.29-14.37.31:789][  0]LogD3D11RHI: GPU Timing Frequency: 1000.000000 (Debug: 2 2)
[2021.01.29-14.37.31:790][  0]LogD3D11RHI: HDR output is supported on display 0 (NvId: 0x80061080).
[2021.01.29-14.37.31:790][  0]LogShaderCompilers: Guid format shader working directory is -10 characters bigger than the processId version (../../../../Projects/Git/GameJam-PausingBad-/PausingBad/Intermediate/Shaders/WorkingDirectory/13380/).
[2021.01.29-14.37.31:790][  0]LogShaderCompilers: Cleaned the shader compiler working directory 'C:/Users/james/AppData/Local/Temp/UnrealShaderWorkingDir/3A16CD3C4BE51D9EB73227A62EC71992/'.
[2021.01.29-14.37.31:790][  0]LogShaderCompilers:Display: Using Local Shader Compiler.
[2021.01.29-14.37.32:407][  0]LogTemp:Display: Loaded TP AllDesktopTargetPlatform
[2021.01.29-14.37.32:440][  0]LogTemp:Display: Loaded TP MacClientTargetPlatform
[2021.01.29-14.37.32:472][  0]LogTemp:Display: Loaded TP MacNoEditorTargetPlatform
[2021.01.29-14.37.32:508][  0]LogTemp:Display: Loaded TP MacServerTargetPlatform
[2021.01.29-14.37.32:541][  0]LogTemp:Display: Loaded TP MacTargetPlatform
[2021.01.29-14.37.32:573][  0]LogTemp:Display: Loaded TP WindowsClientTargetPlatform
[2021.01.29-14.37.32:606][  0]LogTemp:Display: Loaded TP WindowsNoEditorTargetPlatform
[2021.01.29-14.37.32:638][  0]LogTemp:Display: Loaded TP WindowsServerTargetPlatform
[2021.01.29-14.37.32:666][  0]LogTemp:Display: Loaded TP WindowsTargetPlatform
[2021.01.29-14.37.32:698][  0]LogTemp:Display: Loaded TP AndroidTargetPlatform
[2021.01.29-14.37.32:729][  0]LogTemp:Display: Loaded TP Android_ASTCTargetPlatform
[2021.01.29-14.37.32:760][  0]LogTemp:Display: Loaded TP Android_ATCTargetPlatform
[2021.01.29-14.37.32:792][  0]LogTemp:Display: Loaded TP Android_DXTTargetPlatform
[2021.01.29-14.37.32:823][  0]LogTemp:Display: Loaded TP Android_ETC1TargetPlatform
[2021.01.29-14.37.32:854][  0]LogTemp:Display: Loaded TP Android_ETC2TargetPlatform
[2021.01.29-14.37.32:918][  0]LogTemp:Display: Loaded TP Android_MultiTargetPlatform
[2021.01.29-14.37.32:918][  0]LogTemp:Display: Loaded TP Android_PVRTCTargetPlatform
[2021.01.29-14.37.32:944][  0]LogTemp:Display: Loaded TP HTML5TargetPlatform
[2021.01.29-14.37.33:012][  0]LogTemp:Display: Loaded TP IOSTargetPlatform
[2021.01.29-14.37.33:031][  0]LogTemp:Display: Loaded TP TVOSTargetPlatform
[2021.01.29-14.37.33:063][  0]LogTemp:Display: Loaded TP LinuxClientTargetPlatform
[2021.01.29-14.37.33:104][  0]LogTemp:Display: Loaded TP LinuxNoEditorTargetPlatform
[2021.01.29-14.37.33:137][  0]LogTemp:Display: Loaded TP LinuxServerTargetPlatform
[2021.01.29-14.37.33:169][  0]LogTemp:Display: Loaded TP LinuxTargetPlatform
[2021.01.29-14.37.33:169][  0]LogTargetPlatformManager:Display: Building Assets For Windows
[2021.01.29-14.37.33:494][  0]LogDerivedDataCache:Display: Max Cache Size: 512 MB
[2021.01.29-14.37.33:540][  0]LogDerivedDataCache: Loaded boot cache 0.05s 90MB C:/Users/james/AppData/Local/UnrealEngine/4.16/DerivedDataCache/Boot.ddc.
[2021.01.29-14.37.33:540][  0]LogDerivedDataCache:Display: Loaded Boot cache: C:/Users/james/AppData/Local/UnrealEngine/4.16/DerivedDataCache/Boot.ddc
[2021.01.29-14.37.33:540][  0]LogDerivedDataCache: FDerivedDataBackendGraph:  Pak pak cache file ../../../../Projects/Git/GameJam-PausingBad-/PausingBad/DerivedDataCache/DDC.ddp not found, will not use a pak cache.
[2021.01.29-14.37.33:540][  0]LogDerivedDataCache: Unable to find inner node Pak for hierarchical cache Hierarchy.
[2021.01.29-14.37.33:540][  0]LogDerivedDataCache: FDerivedDataBackendGraph:  CompressedPak pak cache file ../../../../Projects/Git/GameJam-PausingBad-/PausingBad/DerivedDataCache/Compressed.ddp not found, will not use a pak cache.
[2021.01.29-14.37.33:540][  0]LogDerivedDataCache: Unable to find inner node CompressedPak for hierarchical cache Hierarchy.
[2021.01.29-14.37.33:551][  0]LogDerivedDataCache:Display: Pak cache opened for reading ../../../Engine/DerivedDataCache/Compressed.ddp.
[2021.01.29-14.37.33:563][  0]LogDerivedDataCache: Using Local data cache path C:/Users/james/AppData/Local/UnrealEngine/Common/DerivedDataCache: Writable
[2021.01.29-14.37.33:569][  0]LogMaterial: Verifying Global Shaders for PCD3D_SM5
[2021.01.29-14.37.33:569][  0]LogSlate: Using Freetype 2.6.0
[2021.01.29-14.37.33:570][  0]LogSlate: SlateFontCache - WITH_FREETYPE: 1, WITH_HARFBUZZ: 1
[2021.01.29-14.37.33:570][  0]LogSlate: SlateFontCache - WITH_FREETYPE: 1, WITH_HARFBUZZ: 1
[2021.01.29-14.37.33:774][  0]LogInit: Selected Device Profile: [Windows]
[2021.01.29-14.37.33:816][  0]LogContentStreaming: Texture pool size is 0.00 MB
[2021.01.29-14.37.33:911][  0]LogMeshUtilities: Using QuadricMeshReduction for automatic static mesh reduction
[2021.01.29-14.37.33:940][  0]LogSimplygon: Simplygon DLL not present - disabling.
[2021.01.29-14.37.33:971][  0]LogMeshUtilities: Using SimplygonSwarm for distributed automatic mesh merging
[2021.01.29-14.37.33:971][  0]LogMeshUtilities: No automatic skeletal mesh reduction module available
[2021.01.29-14.37.33:971][  0]LogMeshUtilities: No automatic mesh merging module available
[2021.01.29-14.37.34:303][  0]LogNetVersion: PausingBad , NetCL: 3452394, EngineNetVer: 2, GameNetVer: 0 (Checksum: 3770649236)
[2021.01.29-14.37.34:351][  0]LogAssetRegistry: FAssetRegistry took 0.0241 seconds to start up
[2021.01.29-14.37.34:394][  0]LogPackageLocalizationCache: Processed 4 localized package path(s) for 2 prioritized culture(s) in 0.028294 seconds
[2021.01.29-14.37.34:397][  0]LogUObjectArray: 34194 objects as part of root set at end of initial load.
[2021.01.29-14.37.34:397][  0]LogUObjectAllocator: 7260424 out of 0 bytes used by permanent object pool.
[2021.01.29-14.37.34:397][  0]LogUObjectArray: CloseDisregardForGC: 0/0 objects in disregard for GC pool
[2021.01.29-14.37.34:442][  0]LogInit: WinSock: version 1.1 (2.2), MaxSocks=32767, MaxUdp=65467
[2021.01.29-14.37.36:025][  0]LogTcpMessaging: Initializing TcpMessaging bridge
[2021.01.29-14.37.36:060][  0]LogUdpMessaging: Initializing bridge on interface 0.0.0.0:0 to multicast group 230.0.0.1:6666.
[2021.01.29-14.37.36:427][  0]LogMaterial: Uniform references updated for custom material expression Custom.
[2021.01.29-14.37.36:679][  0]SourceControl: Info Source control is disabled
[2021.01.29-14.37.36:680][  0]SourceControl: Info Source control is disabled
[2021.01.29-14.37.36:711][  0]SourceControl: Info Source control is disabled
[2021.01.29-14.37.36:743][  0]SourceControl: Info Source control is disabled
[2021.01.29-14.37.37:177][  0]LogAndroidPermission: UAndroidPermissionCallbackProxy::GetInstance
[2021.01.29-14.37.37:565][  0]LogEngine: Initializing Engine...
[2021.01.29-14.37.37:565][  0]LogHMD: Failed to initialize OpenVR with code 110
[2021.01.29-14.37.37:672][  0]LogStats: UGameplayTagsManager::ConstructGameplayTagTree: Construct from data asset -  0.000 s
[2021.01.29-14.37.37:672][  0]LogStats: UGameplayTagsManager::ConstructGameplayTagTree: GameplayTagTreeChangedEvent.Broadcast -  0.000 s
[2021.01.29-14.37.37:754][  0]LogAIModule: Creating AISystem for world Untitled
[2021.01.29-14.37.37:767][  0]LogInit: XAudio2 using 'Speakers (High Definition Audio Device)' : 2 channels at 48 kHz using 16 bits per sample (channel mask 0x3)
[2021.01.29-14.37.37:787][  0]LogInit: FAudioDevice initialized.
[2021.01.29-14.37.37:815][  0]LogDerivedDataCache: Saved boot cache 0.03s 90MB C:/Users/james/AppData/Local/UnrealEngine/4.16/DerivedDataCache/Boot.ddc.
[2021.01.29-14.37.37:819][  0]LogInit: Texture streaming: Enabled
[2021.01.29-14.37.37:884][  0]LogEngineSessionManager: EngineSessionManager initialized
[2021.01.29-14.37.38:022][  0]LogInit: Transaction tracking system initialized
[2021.01.29-14.37.38:225][  0]BlueprintLog: New page: Editor Load
[2021.01.29-14.37.38:855][  0]LocalizationService: Info Localization service is disabled
[2021.01.29-14.37.39:303][  0]LogConsoleResponse:Display: 
[2021.01.29-14.37.39:381][  0]LogCook:Display: Max memory allowance for cook 16384mb min free memory 0mb
[2021.01.29-14.37.39:381][  0]LogCook:Display: Mobile HDR setting 1
[2021.01.29-14.37.39:419][  0]LogFileCache: Scanning file cache for directory 'D:/Job_Related_items_h/Unreal/Projects/Git/GameJam-PausingBad-/PausingBad/Content/' took 0.01s
[2021.01.29-14.37.40:048][  0]SourceControl: Info Source control is disabled
[2021.01.29-14.37.40:048][  0]Cmd: MAP LOAD FILE="../../../../Projects/Git/GameJam-PausingBad-/PausingBad/Content/SideScrollerBP/Maps/SideScrollerExampleMap.umap" TEMPLATE=0 SHOWPROGRESS=1 FEATURELEVEL=3
[2021.01.29-14.37.40:048][  0]LightingResults: New page: Lighting Build
[2021.01.29-14.37.40:075][  0]MapCheck: New page: Map Check
[2021.01.29-14.37.40:075][  0]LightingResults: New page: Lighting Build
[2021.01.29-14.37.40:264][  0]LogAIModule: Creating AISystem for world SideScrollerExampleMap
[2021.01.29-14.37.40:269][  0]LogEditorServer: Finished looking for orphan Actors (0.000 secs)
[2021.01.29-14.37.40:276][  0]Cmd: MAP CHECKDEP NOCLEARLOG
[2021.01.29-14.37.40:313][  0]MapCheck: Info Map check complete: 0 Error(s), 0 Warning(s), took 36.656ms to complete.
[2021.01.29-14.37.40:313][  0]LogFileHelpers: Loading map 'SideScrollerExampleMap' took 0.265
[2021.01.29-14.37.40:418][  0]LogCollectionManager: Loaded 0 collections in 0.000977 seconds
[2021.01.29-14.37.40:483][  0]LogFileCache: Scanning file cache for directory 'D:/Job_Related_items_h/Unreal/Projects/Git/GameJam-PausingBad-/PausingBad/Saved/Collections/' took 0.01s
[2021.01.29-14.37.40:483][  0]LogFileCache: Scanning file cache for directory 'D:/Job_Related_items_h/Unreal/Projects/Git/GameJam-PausingBad-/PausingBad/Content/Developers/james/Collections/' took 0.01s
[2021.01.29-14.37.40:483][  0]LogFileCache: Scanning file cache for directory 'D:/Job_Related_items_h/Unreal/Projects/Git/GameJam-PausingBad-/PausingBad/Content/Collections/' took 0.01s
[2021.01.29-14.37.40:483][  0]LogCollectionManager: Rebuilt the GUID cache for 0 collections in 0.000001 seconds
[2021.01.29-14.37.40:489][  0]LogContentBrowser: Native class hierarchy populated in 0.0059 seconds. Added 2329 classes and 491 folders.
[2021.01.29-14.37.40:531][  0]LogContentBrowser: Native class hierarchy updated for 'WidgetCarousel' in 0.0004 seconds. Added 0 classes and 0 folders.
[2021.01.29-14.37.40:558][  0]LogContentBrowser: Native class hierarchy updated for 'AddContentDialog' in 0.0004 seconds. Added 0 classes and 0 folders.
[2021.01.29-14.37.40:587][  0]LogContentBrowser: Native class hierarchy updated for 'SceneOutliner' in 0.0004 seconds. Added 1 classes and 2 folders.
[2021.01.29-14.37.40:611][  0]LogCrashTracker: Crashtracker disabled due to settings.
[2021.01.29-14.37.40:615][  0]LogSlate: Took 0.000145 seconds to synchronously load lazily loaded font '../../../Engine/Content/Slate/Fonts/Roboto-Regular.ttf' (155K)
[2021.01.29-14.37.40:616][  0]LogSlate: Took 0.000117 seconds to synchronously load lazily loaded font '../../../Engine/Content/Slate/Fonts/Roboto-Bold.ttf' (160K)
[2021.01.29-14.37.40:619][  0]LogSlate: Took 0.000132 seconds to synchronously load lazily loaded font '../../../Engine/Content/Editor/Slate/Fonts/FontAwesome.ttf' (139K)
[2021.01.29-14.37.40:667][  0]LogRenderer: Reallocating scene render targets to support 1616x808 NumSamples 1 (Frame:1).
[2021.01.29-14.37.40:803][  0]LogContentBrowser: Native class hierarchy updated for 'HierarchicalLODOutliner' in 0.0004 seconds. Added 1 classes and 2 folders.
[2021.01.29-14.37.40:803][  0]LogLoad: (Engine Initialization) Total time: 11.33 seconds
[2021.01.29-14.37.40:803][  0]LogLoad: (Engine Initialization) Total Blueprint compile time: 0.07 seconds
[2021.01.29-14.37.40:803][  0]LogExternalProfiler: No external profilers were discovered.  External profiling features will not be available.
[2021.01.29-14.37.40:812][  0]LogOcInput: OculusInput pre-init called
[2021.01.29-14.37.40:812][  0]LogHMD: Starting GearVRController plugin
[2021.01.29-14.37.40:824][  0]LogAssetRegistry: Asset discovery search completed in 6.4949 seconds
[2021.01.29-14.37.40:825][  0]LogCollectionManager: Rebuilt the object cache for 0 collections in 0.000000 seconds (found 0 objects)
[2021.01.29-14.37.40:825][  0]LogCollectionManager: Fixed up redirectors for 0 collections in 0.000013 seconds (updated 0 objects)
[2021.01.29-14.37.40:827][  0]LogContentStreaming: Texture pool size now 1000 MB
